Arguments: 
  C:\Program Files\nodejs\node.exe C:\Users\p\AppData\Roaming\npm\node_modules\yarn\bin\yarn.js install

PATH: 
  C:\Program Files (x86)\Razer Chroma SDK\bin;C:\Program Files\Razer Chroma SDK\bin;C:\Program Files (x86)\Python38-32\Scripts\;C:\Program Files (x86)\Python38-32\;C:\Program Files (x86)\Common Files\Intel\Shared Libraries\redist\intel64\compiler;C:\ProgramData\Oracle\Java\javapath;C:\Windows\system32;C:\Windows;C:\Windows\System32\Wbem;C:\Windows\System32\WindowsPowerShell\v1.0\;C:\Program Files (x86)\NVIDIA Corporation\PhysX\Common;C:\Program Files\Git\cmd;C:\WINDOWS\system32;C:\WINDOWS;C:\WINDOWS\System32\Wbem;C:\WINDOWS\System32\WindowsPowerShell\v1.0\;C:\WINDOWS\System32\OpenSSH\;C:\Program Files\nodejs\;C:\Program Files\Microsoft VS Code\bin;C:\Program Files\NVIDIA Corporation\NVIDIA NvDLISR;C:\Users\p\AppData\Roaming\npm;C:\Users\p\AppData\Local\Programs\Microsoft VS Code\bin;C:\Program Files\PuTTY\;C:\Program Files\Insta360 Studio 2021;C:\Users\p\AppData\Local\Programs\Python\Python39\Scripts\;C:\Users\p\AppData\Local\Programs\Python\Python39\;C:\Users\p\AppData\Roaming\npm;C:\Users\p\AppData\Local\Programs\Microsoft VS Code\bin;C:\Program Files\heroku\bin

Yarn version: 
  1.22.10

Node version: 
  14.15.0

Platform: 
  win32 x64

Trace: 
  Error: EPERM: operation not permitted, unlink 'G:\ilearn\ilearn\node_modules\sharp\build\Release\libvips-42.dll'

npm manifest: 
  {
    "name": "ilearn",
    "version": "1.0.0",
    "description": "",
    "main": "index.js",
    "scripts": {
      "start": "node server/index.js",
      "build": "cd client && npm install && npm run build",
      "dev": "env-cmd -f ./config/dev.env nodemon src/index.js"
    },
    "repository": {
      "type": "git",
      "url": "git+https://github.com/Matin-Ar/ilearn.git"
    },
    "keywords": [],
    "author": "",
    "license": "ISC",
    "bugs": {
      "url": "https://github.com/Matin-Ar/ilearn/issues"
    },
    "homepage": "https://github.com/Matin-Ar/ilearn#readme",
    "dependencies": {
      "bcryptjs": "^2.4.3",
      "express": "^4.17.1",
      "jsonwebtoken": "^8.5.1",
      "moment": "^2.29.1",
      "mongoose": "^5.13.7",
      "mongoose-unique-validator": "^2.0.3",
      "multer": "^1.4.3",
      "request": "^2.88.2",
      "sharp": "^0.29.0",
      "validator": "^13.6.0"
    },
    "devDependencies": {
      "env-cmd": "^10.1.0",
      "nodemon": "^2.0.12"
    }
  }

yarn manifest: 
  No manifest

Lockfile: 
  No lockfile
